Analysis & Synthesis report for Datapath
Fri May 13 11:07:20 2022
Quartus Prime Version 20.1.1 Build 720 11/11/2020 SJ Lite Edition


---------------------
; Table of Contents ;
---------------------
  1. Legal Notice
  2. Analysis & Synthesis Summary
  3. Analysis & Synthesis Settings
  4. Parallel Compilation
  5. Analysis & Synthesis Source Files Read
  6. Analysis & Synthesis Resource Usage Summary
  7. Analysis & Synthesis Resource Utilization by Entity
  8. User-Specified and Inferred Latches
  9. General Register Statistics
 10. Multiplexer Restructuring Statistics (Restructuring Performed)
 11. Port Connectivity Checks: "Comp_24bit:Comp_24bit_1"
 12. Port Connectivity Checks: "Counter_16M:Counter_16M_1"
 13. Analysis & Synthesis Messages



----------------
; Legal Notice ;
----------------
Copyright (C) 2020  Intel Corporation. All rights reserved.
Your use of Intel Corporation's design tools, logic functions 
and other software and tools, and any partner logic 
functions, and any output files from any of the foregoing 
(including device programming or simulation files), and any 
associated documentation or information are expressly subject 
to the terms and conditions of the Intel Program License 
Subscription Agreement, the Intel Quartus Prime License Agreement,
the Intel FPGA IP License Agreement, or other applicable license
agreement, including, without limitation, that your use is for
the sole purpose of programming logic devices manufactured by
Intel and sold by Intel or its authorized distributors.  Please
refer to the applicable agreement for further details, at
https://fpgasoftware.intel.com/eula.



+---------------------------------------------------------------------------+
; Analysis & Synthesis Summary                                              ;
+-----------------------------+---------------------------------------------+
; Analysis & Synthesis Status ; Successful - Fri May 13 11:07:20 2022       ;
; Quartus Prime Version       ; 20.1.1 Build 720 11/11/2020 SJ Lite Edition ;
; Revision Name               ; Datapath                                    ;
; Top-level Entity Name       ; Datapath                                    ;
; Family                      ; MAX II                                      ;
; Total logic elements        ; 73                                          ;
; Total pins                  ; 30                                          ;
; Total virtual pins          ; 0                                           ;
; UFM blocks                  ; 0 / 1 ( 0 % )                               ;
+-----------------------------+---------------------------------------------+


+------------------------------------------------------------------------------------------------------------+
; Analysis & Synthesis Settings                                                                              ;
+------------------------------------------------------------------+--------------------+--------------------+
; Option                                                           ; Setting            ; Default Value      ;
+------------------------------------------------------------------+--------------------+--------------------+
; Device                                                           ; EPM2210F324C3      ;                    ;
; Top-level entity name                                            ; Datapath           ; Datapath           ;
; Family name                                                      ; MAX II             ; Cyclone V          ;
; Use smart compilation                                            ; Off                ; Off                ;
; Enable parallel Assembler and Timing Analyzer during compilation ; On                 ; On                 ;
; Enable compact report table                                      ; Off                ; Off                ;
; Restructure Multiplexers                                         ; Auto               ; Auto               ;
; Create Debugging Nodes for IP Cores                              ; Off                ; Off                ;
; Preserve fewer node names                                        ; On                 ; On                 ;
; Intel FPGA IP Evaluation Mode                                    ; Enable             ; Enable             ;
; Verilog Version                                                  ; Verilog_2001       ; Verilog_2001       ;
; VHDL Version                                                     ; VHDL_1993          ; VHDL_1993          ;
; State Machine Processing                                         ; Auto               ; Auto               ;
; Safe State Machine                                               ; Off                ; Off                ;
; Extract Verilog State Machines                                   ; On                 ; On                 ;
; Extract VHDL State Machines                                      ; On                 ; On                 ;
; Ignore Verilog initial constructs                                ; Off                ; Off                ;
; Iteration limit for constant Verilog loops                       ; 5000               ; 5000               ;
; Iteration limit for non-constant Verilog loops                   ; 250                ; 250                ;
; Add Pass-Through Logic to Inferred RAMs                          ; On                 ; On                 ;
; Infer RAMs from Raw Logic                                        ; On                 ; On                 ;
; Parallel Synthesis                                               ; On                 ; On                 ;
; NOT Gate Push-Back                                               ; On                 ; On                 ;
; Power-Up Don't Care                                              ; On                 ; On                 ;
; Remove Redundant Logic Cells                                     ; Off                ; Off                ;
; Remove Duplicate Registers                                       ; On                 ; On                 ;
; Ignore CARRY Buffers                                             ; Off                ; Off                ;
; Ignore CASCADE Buffers                                           ; Off                ; Off                ;
; Ignore GLOBAL Buffers                                            ; Off                ; Off                ;
; Ignore ROW GLOBAL Buffers                                        ; Off                ; Off                ;
; Ignore LCELL Buffers                                             ; Off                ; Off                ;
; Ignore SOFT Buffers                                              ; On                 ; On                 ;
; Limit AHDL Integers to 32 Bits                                   ; Off                ; Off                ;
; Optimization Technique                                           ; Balanced           ; Balanced           ;
; Carry Chain Length                                               ; 70                 ; 70                 ;
; Auto Carry Chains                                                ; On                 ; On                 ;
; Auto Open-Drain Pins                                             ; On                 ; On                 ;
; Perform WYSIWYG Primitive Resynthesis                            ; Off                ; Off                ;
; Auto Shift Register Replacement                                  ; Auto               ; Auto               ;
; Allow Shift Register Merging across Hierarchies                  ; Auto               ; Auto               ;
; Auto Clock Enable Replacement                                    ; On                 ; On                 ;
; Allow Synchronous Control Signals                                ; On                 ; On                 ;
; Force Use of Synchronous Clear Signals                           ; Off                ; Off                ;
; Auto Resource Sharing                                            ; Off                ; Off                ;
; Use LogicLock Constraints during Resource Balancing              ; On                 ; On                 ;
; Ignore translate_off and synthesis_off directives                ; Off                ; Off                ;
; Report Parameter Settings                                        ; On                 ; On                 ;
; Report Source Assignments                                        ; On                 ; On                 ;
; Report Connectivity Checks                                       ; On                 ; On                 ;
; Ignore Maximum Fan-Out Assignments                               ; Off                ; Off                ;
; Synchronization Register Chain Length                            ; 2                  ; 2                  ;
; Power Optimization During Synthesis                              ; Normal compilation ; Normal compilation ;
; HDL message level                                                ; Level2             ; Level2             ;
; Suppress Register Optimization Related Messages                  ; Off                ; Off                ;
; Number of Removed Registers Reported in Synthesis Report         ; 5000               ; 5000               ;
; Number of Swept Nodes Reported in Synthesis Report               ; 5000               ; 5000               ;
; Number of Inverted Registers Reported in Synthesis Report        ; 100                ; 100                ;
; Clock MUX Protection                                             ; On                 ; On                 ;
; Block Design Naming                                              ; Auto               ; Auto               ;
; Synthesis Effort                                                 ; Auto               ; Auto               ;
; Shift Register Replacement - Allow Asynchronous Clear Signal     ; On                 ; On                 ;
; Analysis & Synthesis Message Level                               ; Medium             ; Medium             ;
; Disable Register Merging Across Hierarchies                      ; Auto               ; Auto               ;
+------------------------------------------------------------------+--------------------+--------------------+


+------------------------------------------+
; Parallel Compilation                     ;
+----------------------------+-------------+
; Processors                 ; Number      ;
+----------------------------+-------------+
; Number detected on machine ; 16          ;
; Maximum allowed            ; 16          ;
;                            ;             ;
; Average used               ; 1.00        ;
; Maximum used               ; 1           ;
;                            ;             ;
; Usage by Processor         ; % Time Used ;
;     Processor 1            ; 100.0%      ;
+----------------------------+-------------+


+------------------------------------------------------------------------------------------------------------------------+
; Analysis & Synthesis Source Files Read                                                                                 ;
+----------------------------------+-----------------+-----------------+---------------------------------------+---------+
; File Name with User-Entered Path ; Used in Netlist ; File Type       ; File Name with Absolute Path          ; Library ;
+----------------------------------+-----------------+-----------------+---------------------------------------+---------+
; Data_reg_24bit.vhd               ; yes             ; User VHDL File  ; C:/CSD/P_CH2/SP2_4/Data_reg_24bit.vhd ;         ;
; Datapath.vhd                     ; yes             ; User VHDL File  ; C:/CSD/P_CH2/SP2_4/Datapath.vhd       ;         ;
; Counter_16M.vhd                  ; yes             ; User VHDL File  ; C:/CSD/P_CH2/SP2_4/Counter_16M.vhd    ;         ;
; Comp_4bit.vhd                    ; yes             ; User VHDL File  ; C:/CSD/P_CH2/SP2_4/Comp_4bit.vhd      ;         ;
; Comp_24bit.vhd                   ; yes             ; User VHDL File  ; C:/CSD/P_CH2/SP2_4/Comp_24bit.vhd     ;         ;
; Comp_1bit.vhd                    ; yes             ; User VHDL File  ; C:/CSD/P_CH2/SP2_4/Comp_1bit.vhd      ;         ;
+----------------------------------+-----------------+-----------------+---------------------------------------+---------+


+-----------------------------------------------------+
; Analysis & Synthesis Resource Usage Summary         ;
+---------------------------------------------+-------+
; Resource                                    ; Usage ;
+---------------------------------------------+-------+
; Total logic elements                        ; 73    ;
;     -- Combinational with no register       ; 25    ;
;     -- Register only                        ; 24    ;
;     -- Combinational with a register        ; 24    ;
;                                             ;       ;
; Logic element usage by number of LUT inputs ;       ;
;     -- 4 input functions                    ; 23    ;
;     -- 3 input functions                    ; 1     ;
;     -- 2 input functions                    ; 24    ;
;     -- 1 input functions                    ; 1     ;
;     -- 0 input functions                    ; 0     ;
;                                             ;       ;
; Logic elements by mode                      ;       ;
;     -- normal mode                          ; 50    ;
;     -- arithmetic mode                      ; 23    ;
;     -- qfbk mode                            ; 0     ;
;     -- register cascade mode                ; 0     ;
;     -- synchronous clear/load mode          ; 24    ;
;     -- asynchronous clear/load mode         ; 48    ;
;                                             ;       ;
; Total registers                             ; 48    ;
; Total logic cells in carry chains           ; 24    ;
; I/O pins                                    ; 30    ;
; Maximum fan-out node                        ; CLK   ;
; Maximum fan-out                             ; 48    ;
; Total fan-out                               ; 337   ;
; Average fan-out                             ; 3.27  ;
+---------------------------------------------+-------+


+-----------------------------------------------------------------------------------------------------------------------------------------------------------------------------------------------------------------------------------------------------------------------------------------------+
; Analysis & Synthesis Resource Utilization by Entity                                                                                                                                                                                                                                           ;
+--------------------------------------+-------------+--------------+------------+------+--------------+--------------+-------------------+------------------+-----------------+------------+-------------------------------------------------------------------+----------------+--------------+
; Compilation Hierarchy Node           ; Logic Cells ; LC Registers ; UFM Blocks ; Pins ; Virtual Pins ; LUT-Only LCs ; Register-Only LCs ; LUT/Register LCs ; Carry Chain LCs ; Packed LCs ; Full Hierarchy Name                                               ; Entity Name    ; Library Name ;
+--------------------------------------+-------------+--------------+------------+------+--------------+--------------+-------------------+------------------+-----------------+------------+-------------------------------------------------------------------+----------------+--------------+
; |Datapath                            ; 73 (0)      ; 48           ; 0          ; 30   ; 0            ; 25 (0)       ; 24 (0)            ; 24 (0)           ; 24 (0)          ; 0 (0)      ; |Datapath                                                         ; Datapath       ; work         ;
;    |Comp_24bit:Comp_24bit_1|         ; 16 (0)      ; 0            ; 0          ; 0    ; 0            ; 16 (0)       ; 0 (0)             ; 0 (0)            ; 0 (0)           ; 0 (0)      ; |Datapath|Comp_24bit:Comp_24bit_1                                 ; Comp_24bit     ; work         ;
;       |Comp_4bit:Chip6|              ; 16 (0)      ; 0            ; 0          ; 0    ; 0            ; 16 (0)       ; 0 (0)             ; 0 (0)            ; 0 (0)           ; 0 (0)      ; |Datapath|Comp_24bit:Comp_24bit_1|Comp_4bit:Chip6                 ; Comp_4bit      ; work         ;
;          |Comp_1bit:Chip4|           ; 16 (16)     ; 0            ; 0          ; 0    ; 0            ; 16 (16)      ; 0 (0)             ; 0 (0)            ; 0 (0)           ; 0 (0)      ; |Datapath|Comp_24bit:Comp_24bit_1|Comp_4bit:Chip6|Comp_1bit:Chip4 ; Comp_1bit      ; work         ;
;    |Counter_16M:Counter_16M_1|       ; 33 (33)     ; 24           ; 0          ; 0    ; 0            ; 9 (9)        ; 0 (0)             ; 24 (24)          ; 24 (24)         ; 0 (0)      ; |Datapath|Counter_16M:Counter_16M_1                               ; Counter_16M    ; work         ;
;    |Data_reg_24bit:Data_reg_24bit_1| ; 24 (24)     ; 24           ; 0          ; 0    ; 0            ; 0 (0)        ; 24 (24)           ; 0 (0)            ; 0 (0)           ; 0 (0)      ; |Datapath|Data_reg_24bit:Data_reg_24bit_1                         ; Data_reg_24bit ; work         ;
+--------------------------------------+-------------+--------------+------------+------+--------------+--------------+-------------------+------------------+-----------------+------------+-------------------------------------------------------------------+----------------+--------------+
Note: For table entries with two numbers listed, the numbers in parentheses indicate the number of resources of the given type used by the specific entity alone. The numbers listed outside of parentheses indicate the total resources of the given type used by the specific entity and all of its sub-entities in the hierarchy.


+-----------------------------------------------------------------------------------------------------------+
; User-Specified and Inferred Latches                                                                       ;
+------------------------------------------------------------+---------------------+------------------------+
; Latch Name                                                 ; Latch Enable Signal ; Free of Timing Hazards ;
+------------------------------------------------------------+---------------------+------------------------+
; Comp_24bit:Comp_24bit_1|Comp_4bit:Chip6|Comp_1bit:Chip4|Eq ; VCC                 ; yes                    ;
; Comp_24bit:Comp_24bit_1|Comp_4bit:Chip6|Comp_1bit:Chip3|Eq ; VCC                 ; yes                    ;
; Comp_24bit:Comp_24bit_1|Comp_4bit:Chip6|Comp_1bit:Chip2|Eq ; VCC                 ; yes                    ;
; Comp_24bit:Comp_24bit_1|Comp_4bit:Chip6|Comp_1bit:Chip1|Eq ; VCC                 ; yes                    ;
; Comp_24bit:Comp_24bit_1|Comp_4bit:Chip5|Comp_1bit:Chip4|Eq ; VCC                 ; yes                    ;
; Comp_24bit:Comp_24bit_1|Comp_4bit:Chip5|Comp_1bit:Chip3|Eq ; VCC                 ; yes                    ;
; Comp_24bit:Comp_24bit_1|Comp_4bit:Chip5|Comp_1bit:Chip2|Eq ; VCC                 ; yes                    ;
; Comp_24bit:Comp_24bit_1|Comp_4bit:Chip5|Comp_1bit:Chip1|Eq ; VCC                 ; yes                    ;
; Comp_24bit:Comp_24bit_1|Comp_4bit:Chip4|Comp_1bit:Chip4|Eq ; VCC                 ; yes                    ;
; Comp_24bit:Comp_24bit_1|Comp_4bit:Chip4|Comp_1bit:Chip3|Eq ; VCC                 ; yes                    ;
; Comp_24bit:Comp_24bit_1|Comp_4bit:Chip4|Comp_1bit:Chip2|Eq ; VCC                 ; yes                    ;
; Comp_24bit:Comp_24bit_1|Comp_4bit:Chip4|Comp_1bit:Chip1|Eq ; VCC                 ; yes                    ;
; Comp_24bit:Comp_24bit_1|Comp_4bit:Chip3|Comp_1bit:Chip4|Eq ; VCC                 ; yes                    ;
; Comp_24bit:Comp_24bit_1|Comp_4bit:Chip3|Comp_1bit:Chip3|Eq ; VCC                 ; yes                    ;
; Comp_24bit:Comp_24bit_1|Comp_4bit:Chip3|Comp_1bit:Chip2|Eq ; VCC                 ; yes                    ;
; Comp_24bit:Comp_24bit_1|Comp_4bit:Chip3|Comp_1bit:Chip1|Eq ; VCC                 ; yes                    ;
; Comp_24bit:Comp_24bit_1|Comp_4bit:Chip2|Comp_1bit:Chip4|Eq ; VCC                 ; yes                    ;
; Comp_24bit:Comp_24bit_1|Comp_4bit:Chip2|Comp_1bit:Chip3|Eq ; VCC                 ; yes                    ;
; Comp_24bit:Comp_24bit_1|Comp_4bit:Chip2|Comp_1bit:Chip2|Eq ; VCC                 ; yes                    ;
; Comp_24bit:Comp_24bit_1|Comp_4bit:Chip2|Comp_1bit:Chip1|Eq ; VCC                 ; yes                    ;
; Comp_24bit:Comp_24bit_1|Comp_4bit:Chip1|Comp_1bit:Chip4|Eq ; VCC                 ; yes                    ;
; Comp_24bit:Comp_24bit_1|Comp_4bit:Chip1|Comp_1bit:Chip3|Eq ; VCC                 ; yes                    ;
; Comp_24bit:Comp_24bit_1|Comp_4bit:Chip1|Comp_1bit:Chip2|Eq ; VCC                 ; yes                    ;
; Comp_24bit:Comp_24bit_1|Comp_4bit:Chip1|Comp_1bit:Chip1|Eq ; VCC                 ; yes                    ;
; Number of user-specified and inferred latches = 24         ;                     ;                        ;
+------------------------------------------------------------+---------------------+------------------------+
Note: All latches listed above may not be present at the end of synthesis due to various synthesis optimizations.


+------------------------------------------------------+
; General Register Statistics                          ;
+----------------------------------------------+-------+
; Statistic                                    ; Value ;
+----------------------------------------------+-------+
; Total registers                              ; 48    ;
; Number of registers using Synchronous Clear  ; 24    ;
; Number of registers using Synchronous Load   ; 0     ;
; Number of registers using Asynchronous Clear ; 48    ;
; Number of registers using Asynchronous Load  ; 0     ;
; Number of registers using Clock Enable       ; 48    ;
; Number of registers using Preset             ; 0     ;
+----------------------------------------------+-------+


+---------------------------------------------------------------------------------------------------------------------------------------------------------------------+
; Multiplexer Restructuring Statistics (Restructuring Performed)                                                                                                      ;
+--------------------+-----------+---------------+----------------------+------------------------+------------+-------------------------------------------------------+
; Multiplexer Inputs ; Bus Width ; Baseline Area ; Area if Restructured ; Saving if Restructured ; Registered ; Example Multiplexer Output                            ;
+--------------------+-----------+---------------+----------------------+------------------------+------------+-------------------------------------------------------+
; 4:1                ; 24 bits   ; 48 LEs        ; 24 LEs               ; 24 LEs                 ; Yes        ; |Datapath|Counter_16M:Counter_16M_1|present_state[23] ;
+--------------------+-----------+---------------+----------------------+------------------------+------------+-------------------------------------------------------+


+----------------------------------------------------------------------------------------------------------------+
; Port Connectivity Checks: "Comp_24bit:Comp_24bit_1"                                                            ;
+------+--------+----------+-------------------------------------------------------------------------------------+
; Port ; Type   ; Severity ; Details                                                                             ;
+------+--------+----------+-------------------------------------------------------------------------------------+
; gi   ; Input  ; Info     ; Stuck at GND                                                                        ;
; ei   ; Input  ; Info     ; Stuck at VCC                                                                        ;
; li   ; Input  ; Info     ; Stuck at GND                                                                        ;
; gt   ; Output ; Info     ; Connected to dangling logic. Logic that only feeds a dangling port will be removed. ;
; lt   ; Output ; Info     ; Connected to dangling logic. Logic that only feeds a dangling port will be removed. ;
+------+--------+----------+-------------------------------------------------------------------------------------+


+----------------------------------------------------------------------------------------------------------------+
; Port Connectivity Checks: "Counter_16M:Counter_16M_1"                                                          ;
+------+--------+----------+-------------------------------------------------------------------------------------+
; Port ; Type   ; Severity ; Details                                                                             ;
+------+--------+----------+-------------------------------------------------------------------------------------+
; ud_l ; Input  ; Info     ; Stuck at VCC                                                                        ;
; din  ; Input  ; Info     ; Stuck at GND                                                                        ;
; tc16 ; Output ; Info     ; Connected to dangling logic. Logic that only feeds a dangling port will be removed. ;
+------+--------+----------+-------------------------------------------------------------------------------------+


+-------------------------------+
; Analysis & Synthesis Messages ;
+-------------------------------+
Info: *******************************************************************
Info: Running Quartus Prime Analysis & Synthesis
    Info: Version 20.1.1 Build 720 11/11/2020 SJ Lite Edition
    Info: Processing started: Fri May 13 11:07:13 2022
Info: Command: quartus_map --read_settings_files=on --write_settings_files=off Datapath_prj -c Datapath
Warning (18236): Number of processors has not been specified which may cause overloading on shared machines.  Set the global assignment NUM_PARALLEL_PROCESSORS in your QSF to an appropriate value for best performance.
Info (20030): Parallel compilation is enabled and will use 16 of the 16 processors detected
Info (12021): Found 2 design units, including 1 entities, in source file data_reg_24bit.vhd
    Info (12022): Found design unit 1: Data_reg_24bit-FSM_like File: C:/CSD/P_CH2/SP2_4/Data_reg_24bit.vhd Line: 25
    Info (12023): Found entity 1: Data_reg_24bit File: C:/CSD/P_CH2/SP2_4/Data_reg_24bit.vhd Line: 14
Info (12021): Found 2 design units, including 1 entities, in source file datapath.vhd
    Info (12022): Found design unit 1: Datapath-hierarchical_structure File: C:/CSD/P_CH2/SP2_4/Datapath.vhd Line: 14
    Info (12023): Found entity 1: Datapath File: C:/CSD/P_CH2/SP2_4/Datapath.vhd Line: 3
Info (12021): Found 2 design units, including 1 entities, in source file counter_16m.vhd
    Info (12022): Found design unit 1: Counter_16M-FSM_like File: C:/CSD/P_CH2/SP2_4/Counter_16M.vhd Line: 29
    Info (12023): Found entity 1: Counter_16M File: C:/CSD/P_CH2/SP2_4/Counter_16M.vhd Line: 16
Info (12021): Found 2 design units, including 1 entities, in source file comp_9bit_tb.vhd
    Info (12022): Found design unit 1: Comp_9bit_vhd_tst-Comp_9bit_arch File: C:/CSD/P_CH2/SP2_4/Comp_9bit_tb.vhd Line: 33
    Info (12023): Found entity 1: Comp_9bit_vhd_tst File: C:/CSD/P_CH2/SP2_4/Comp_9bit_tb.vhd Line: 31
Info (12021): Found 2 design units, including 1 entities, in source file comp_4bit.vhd
    Info (12022): Found design unit 1: Comp_4bit-hierarchical_structure File: C:/CSD/P_CH2/SP2_4/Comp_4bit.vhd Line: 14
    Info (12023): Found entity 1: Comp_4bit File: C:/CSD/P_CH2/SP2_4/Comp_4bit.vhd Line: 3
Info (12021): Found 2 design units, including 1 entities, in source file comp_24bit.vhd
    Info (12022): Found design unit 1: Comp_24bit-hierarchical_structure File: C:/CSD/P_CH2/SP2_4/Comp_24bit.vhd Line: 14
    Info (12023): Found entity 1: Comp_24bit File: C:/CSD/P_CH2/SP2_4/Comp_24bit.vhd Line: 3
Info (12021): Found 2 design units, including 1 entities, in source file comp_1bit.vhd
    Info (12022): Found design unit 1: Comp_1bit-algorithm File: C:/CSD/P_CH2/SP2_4/Comp_1bit.vhd Line: 15
    Info (12023): Found entity 1: Comp_1bit File: C:/CSD/P_CH2/SP2_4/Comp_1bit.vhd Line: 5
Info (12127): Elaborating entity "Datapath" for the top level hierarchy
Info (12128): Elaborating entity "Counter_16M" for hierarchy "Counter_16M:Counter_16M_1" File: C:/CSD/P_CH2/SP2_4/Datapath.vhd Line: 47
Info (12128): Elaborating entity "Data_reg_24bit" for hierarchy "Data_reg_24bit:Data_reg_24bit_1" File: C:/CSD/P_CH2/SP2_4/Datapath.vhd Line: 57
Info (12128): Elaborating entity "Comp_24bit" for hierarchy "Comp_24bit:Comp_24bit_1" File: C:/CSD/P_CH2/SP2_4/Datapath.vhd Line: 65
Info (12128): Elaborating entity "Comp_4bit" for hierarchy "Comp_24bit:Comp_24bit_1|Comp_4bit:Chip1" File: C:/CSD/P_CH2/SP2_4/Comp_24bit.vhd Line: 27
Info (12128): Elaborating entity "Comp_1bit" for hierarchy "Comp_24bit:Comp_24bit_1|Comp_4bit:Chip1|Comp_1bit:Chip1" File: C:/CSD/P_CH2/SP2_4/Comp_4bit.vhd Line: 26
Warning (10631): VHDL Process Statement warning at Comp_1bit.vhd(20): inferring latch(es) for signal or variable "Gt", which holds its previous value in one or more paths through the process File: C:/CSD/P_CH2/SP2_4/Comp_1bit.vhd Line: 20
Warning (10631): VHDL Process Statement warning at Comp_1bit.vhd(20): inferring latch(es) for signal or variable "Eq", which holds its previous value in one or more paths through the process File: C:/CSD/P_CH2/SP2_4/Comp_1bit.vhd Line: 20
Warning (10631): VHDL Process Statement warning at Comp_1bit.vhd(20): inferring latch(es) for signal or variable "Lt", which holds its previous value in one or more paths through the process File: C:/CSD/P_CH2/SP2_4/Comp_1bit.vhd Line: 20
Info (10041): Inferred latch for "Lt" at Comp_1bit.vhd(20) File: C:/CSD/P_CH2/SP2_4/Comp_1bit.vhd Line: 20
Info (10041): Inferred latch for "Eq" at Comp_1bit.vhd(20) File: C:/CSD/P_CH2/SP2_4/Comp_1bit.vhd Line: 20
Info (10041): Inferred latch for "Gt" at Comp_1bit.vhd(20) File: C:/CSD/P_CH2/SP2_4/Comp_1bit.vhd Line: 20
Info (21057): Implemented 103 device resources after synthesis - the final resource count might be different
    Info (21058): Implemented 29 input pins
    Info (21059): Implemented 1 output pins
    Info (21061): Implemented 73 logic cells
Info: Quartus Prime Analysis & Synthesis was successful. 0 errors, 4 warnings
    Info: Peak virtual memory: 4764 megabytes
    Info: Processing ended: Fri May 13 11:07:20 2022
    Info: Elapsed time: 00:00:07
    Info: Total CPU time (on all processors): 00:00:19


