

Microchip MPLAB XC8 Assembler V2.35 build 20211206165544 
                                                                                               Tue May 24 12:38:21 2022

Microchip MPLAB XC8 C Compiler v2.35 (Free license) build 20211206165544 Og1 
     1                           	processor	18F4520
     2                           	fnconf	rparam,??,?,0
     3                           	pagewidth 120
     4                           	opt	flic
     5                           	psect	nvCOMRAM,global,class=COMRAM,space=1,delta=1,lowdata,noexec
     6                           	psect	cinit,global,reloc=2,class=CODE,delta=1
     7                           	psect	bssCOMRAM,global,class=COMRAM,space=1,delta=1,lowdata,noexec
     8                           	psect	cstackCOMRAM,global,class=COMRAM,space=1,delta=1,lowdata,noexec
     9                           	psect	text0,global,reloc=2,class=CODE,delta=1
    10                           	psect	text1,global,reloc=2,class=CODE,delta=1
    11                           	psect	text2,global,reloc=2,class=CODE,delta=1
    12                           	psect	text3,global,reloc=2,class=CODE,delta=1
    13                           	psect	text4,global,reloc=2,class=CODE,delta=1
    14                           	psect	intsave_regs,global,class=BIGRAM,space=1,delta=1,noexec
    15                           	psect	rparam,global,class=COMRAM,space=1,delta=1,noexec
    16                           	psect	idloc,global,abs,ovrld,class=IDLOC,space=5,delta=1,noexec
    17                           	psect	config,global,abs,ovrld,class=CONFIG,space=4,delta=1,noexec
    18  0000                     
    19                           ; Version 2.40
    20                           ; Generated 17/11/2021 GMT
    21                           ; 
    22                           ; Copyright © 2021, Microchip Technology Inc. and its subsidiaries ("Microchip")
    23                           ; All rights reserved.
    24                           ; 
    25                           ; This software is developed by Microchip Technology Inc. and its subsidiaries ("Microch
      +                          ip").
    26                           ; 
    27                           ; Redistribution and use in source and binary forms, with or without modification, are
    28                           ; permitted provided that the following conditions are met:
    29                           ; 
    30                           ;     1. Redistributions of source code must retain the above copyright notice, this lis
      +                          t of
    31                           ;        conditions and the following disclaimer.
    32                           ; 
    33                           ;     2. Redistributions in binary form must reproduce the above copyright notice, this 
      +                          list
    34                           ;        of conditions and the following disclaimer in the documentation and/or other
    35                           ;        materials provided with the distribution. Publication is not required when
    36                           ;        this file is used in an embedded application.
    37                           ; 
    38                           ;     3. Microchip's name may not be used to endorse or promote products derived from th
      +                          is
    39                           ;        software without specific prior written permission.
    40                           ; 
    41                           ; THIS SOFTWARE IS PROVIDED BY MICROCHIP "AS IS" AND ANY EXPRESS OR IMPLIED WARRANTIES,
    42                           ; INCLUDING, BUT NOT LIMITED TO, THE IMPLIED WARRANTIES OF MERCHANTABILITY AND FITNESS F
      +                          OR
    43                           ; PURPOSE ARE DISCLAIMED.  IN NO EVENT SHALL MICROCHIP BE LIABLE FOR ANY DIRECT, INDIREC
      +                          T,
    44                           ; INCIDENTAL, SPECIAL, EXEMPLARY, OR CONSEQUENTIAL DAMAGES (INCLUDING BUT NOT LIMITED TO
    45                           ; PROCUREMENT OF SUBSTITUTE GOODS OR SERVICES; LOSS OF USE, DATA OR PROFITS; OR BUSINESS
    46                           ; INTERRUPTION) HOWSOEVER CAUSED AND ON ANY THEORY OF LIABILITY, WHETHER IN CONTRACT, ST
      +                          RICT
    47                           ; LIABILITY, OR TORT (INCLUDING NEGLIGENCE OR OTHERWISE) ARISING IN ANY WAY OUT OF THE U
      +                          SE OF
    48                           ; THIS SOFTWARE, EVEN IF ADVISED OF THE POSSIBILITY OF SUCH DAMAGE.
    49                           ; 
    50                           ; 
    51                           ; Code-generator required, PIC18F4520 Definitions
    52                           ; 
    53                           ; SFR Addresses
    54  0000                     
    55                           	psect	nvCOMRAM
    56  000001                     __pnvCOMRAM:
    57                           	callstack 0
    58  000001                     _var_buf2:
    59                           	callstack 0
    60  000001                     	ds	1
    61  000002                     _var_buf:
    62                           	callstack 0
    63  000002                     	ds	1
    64  000003                     _Var_Li:
    65                           	callstack 0
    66  000003                     	ds	1
    67  000004                     _Var_Ei:
    68                           	callstack 0
    69  000004                     	ds	1
    70  000005                     _Var_Gi:
    71                           	callstack 0
    72  000005                     	ds	1
    73  000006                     _Var_B:
    74                           	callstack 0
    75  000006                     	ds	1
    76  000007                     _Var_A:
    77                           	callstack 0
    78  000007                     	ds	1
    79  0000                     _PORTD	set	3971
    80  0000                     _PORTC	set	3970
    81  0000                     _PORTB	set	3969
    82  0000                     _LATA	set	3977
    83  0000                     _PORTA	set	3968
    84  0000                     _LATB	set	3978
    85  0000                     _TRISA	set	3986
    86  0000                     _ADCON1	set	4033
    87  0000                     _GIE	set	32663
    88  0000                     _TRISB	set	3987
    89                           
    90                           ; #config settings
    91                           
    92                           	psect	cinit
    93  007ECE                     __pcinit:
    94                           	callstack 0
    95  007ECE                     start_initialization:
    96                           	callstack 0
    97  007ECE                     __initialization:
    98                           	callstack 0
    99                           
   100                           ; Clear objects allocated to COMRAM (6 bytes)
   101  007ECE  6A0D               	clrf	(__pbssCOMRAM+5)& (0+255),c
   102  007ED0  6A0C               	clrf	(__pbssCOMRAM+4)& (0+255),c
   103  007ED2  6A0B               	clrf	(__pbssCOMRAM+3)& (0+255),c
   104  007ED4  6A0A               	clrf	(__pbssCOMRAM+2)& (0+255),c
   105  007ED6  6A09               	clrf	(__pbssCOMRAM+1)& (0+255),c
   106  007ED8  6A08               	clrf	__pbssCOMRAM& (0+255),c
   107  007EDA                     end_of_initialization:
   108                           	callstack 0
   109  007EDA                     __end_of__initialization:
   110                           	callstack 0
   111  007EDA  0100               	movlb	0
   112  007EDC  EF70  F03F         	goto	_main	;jump to C main() function
   113                           
   114                           	psect	bssCOMRAM
   115  000008                     __pbssCOMRAM:
   116                           	callstack 0
   117  000008                     _var_buf5:
   118                           	callstack 0
   119  000008                     	ds	1
   120  000009                     _var_buf4:
   121                           	callstack 0
   122  000009                     	ds	1
   123  00000A                     _var_buf3:
   124                           	callstack 0
   125  00000A                     	ds	1
   126  00000B                     _Var_LT:
   127                           	callstack 0
   128  00000B                     	ds	1
   129  00000C                     _Var_EQ:
   130                           	callstack 0
   131  00000C                     	ds	1
   132  00000D                     _Var_GT:
   133                           	callstack 0
   134  00000D                     	ds	1
   135                           
   136                           	psect	cstackCOMRAM
   137  000000                     __pcstackCOMRAM:
   138                           	callstack 0
   139  000000                     
   140                           ; 1 bytes @ 0x0
   141 ;;
   142 ;;Main: autosize = 0, tempsize = 0, incstack = 0, save=0
   143 ;;
   144 ;; *************** function _main *****************
   145 ;; Defined at:
   146 ;;		line 57 in file "Comp_4bit.c"
   147 ;; Parameters:    Size  Location     Type
   148 ;;		None
   149 ;; Auto vars:     Size  Location     Type
   150 ;;		None
   151 ;; Return value:  Size  Location     Type
   152 ;;                  1    wreg      void 
   153 ;; Registers used:
   154 ;;		wreg, status,2, status,0, cstack
   155 ;; Tracked objects:
   156 ;;		On entry : 0/0
   157 ;;		On exit  : 0/0
   158 ;;		Unchanged: 0/0
   159 ;; Data sizes:     COMRAM   BANK0   BANK1   BANK2   BANK3   BANK4   BANK5
   160 ;;      Params:         0       0       0       0       0       0       0
   161 ;;      Locals:         0       0       0       0       0       0       0
   162 ;;      Temps:          0       0       0       0       0       0       0
   163 ;;      Totals:         0       0       0       0       0       0       0
   164 ;;Total ram usage:        0 bytes
   165 ;; Hardware stack levels required when called: 1
   166 ;; This function calls:
   167 ;;		_init_system
   168 ;;		_read_inputs
   169 ;;		_truth_table
   170 ;;		_write_outputs
   171 ;; This function is called by:
   172 ;;		Startup code after reset
   173 ;; This function uses a non-reentrant model
   174 ;;
   175                           
   176                           	psect	text0
   177  007EE0                     __ptext0:
   178                           	callstack 0
   179  007EE0                     _main:
   180                           	callstack 30
   181  007EE0                     
   182                           ;Comp_4bit.c: 59:     init_system();
   183  007EE0  EC92  F03F         	call	_init_system	;wreg free
   184  007EE4                     l791:
   185                           
   186                           ;Comp_4bit.c: 61:     {;Comp_4bit.c: 62:         read_inputs();
   187  007EE4  ECB0  F03F         	call	_read_inputs	;wreg free
   188  007EE8                     
   189                           ;Comp_4bit.c: 63:         truth_table();
   190  007EE8  ECCE  F03F         	call	_truth_table	;wreg free
   191  007EEC                     
   192                           ;Comp_4bit.c: 64:         write_outputs();
   193  007EEC  EC7C  F03F         	call	_write_outputs	;wreg free
   194  007EF0  EF72  F03F         	goto	l791
   195  007EF4  EF00  F000         	goto	start
   196  007EF8                     __end_of_main:
   197                           	callstack 0
   198                           
   199 ;; *************** function _write_outputs *****************
   200 ;; Defined at:
   201 ;;		line 272 in file "Comp_4bit.c"
   202 ;; Parameters:    Size  Location     Type
   203 ;;		None
   204 ;; Auto vars:     Size  Location     Type
   205 ;;		None
   206 ;; Return value:  Size  Location     Type
   207 ;;                  1    wreg      void 
   208 ;; Registers used:
   209 ;;		wreg, status,2, status,0
   210 ;; Tracked objects:
   211 ;;		On entry : 0/0
   212 ;;		On exit  : 0/0
   213 ;;		Unchanged: 0/0
   214 ;; Data sizes:     COMRAM   BANK0   BANK1   BANK2   BANK3   BANK4   BANK5
   215 ;;      Params:         0       0       0       0       0       0       0
   216 ;;      Locals:         0       0       0       0       0       0       0
   217 ;;      Temps:          0       0       0       0       0       0       0
   218 ;;      Totals:         0       0       0       0       0       0       0
   219 ;;Total ram usage:        0 bytes
   220 ;; Hardware stack levels used: 1
   221 ;; This function calls:
   222 ;;		Nothing
   223 ;; This function is called by:
   224 ;;		_main
   225 ;; This function uses a non-reentrant model
   226 ;;
   227                           
   228                           	psect	text1
   229  007EF8                     __ptext1:
   230                           	callstack 0
   231  007EF8                     _write_outputs:
   232                           	callstack 30
   233  007EF8                     
   234                           ;Comp_4bit.c: 276:     var_buf = Var_LT << 5;
   235  007EF8  380B               	swapf	_Var_LT^0,w,c
   236  007EFA  46E8               	rlncf	wreg,f,c
   237  007EFC  0BE0               	andlw	224
   238  007EFE  6E02               	movwf	_var_buf^0,c
   239                           
   240                           ;Comp_4bit.c: 277:     var_buf2 = Var_EQ << 6;
   241  007F00  400C               	rrncf	_Var_EQ^0,w,c
   242  007F02  42E8               	rrncf	wreg,f,c
   243  007F04  0BC0               	andlw	192
   244  007F06  6E01               	movwf	_var_buf2^0,c
   245                           
   246                           ;Comp_4bit.c: 278:     var_buf3 = Var_GT << 7;
   247  007F08  400D               	rrncf	_Var_GT^0,w,c
   248  007F0A  0B80               	andlw	128
   249  007F0C  6E0A               	movwf	_var_buf3^0,c
   250                           
   251                           ;Comp_4bit.c: 279:     var_buf4 = PORTC & 0b00011111;
   252  007F0E  5082               	movf	130,w,c	;volatile
   253  007F10  0B1F               	andlw	31
   254  007F12  6E09               	movwf	_var_buf4^0,c
   255                           
   256                           ;Comp_4bit.c: 280:     var_buf5 = (var_buf3 | var_buf2 | var_buf | (var_buf4));
   257  007F14  500A               	movf	_var_buf3^0,w,c
   258  007F16  1001               	iorwf	_var_buf2^0,w,c
   259  007F18  1002               	iorwf	_var_buf^0,w,c
   260  007F1A  1009               	iorwf	_var_buf4^0,w,c
   261  007F1C  6E08               	movwf	_var_buf5^0,c
   262  007F1E                     
   263                           ;Comp_4bit.c: 281:     PORTC = var_buf5;
   264  007F1E  C008  FF82         	movff	_var_buf5,3970	;volatile
   265  007F22  0012               	return		;funcret
   266  007F24                     __end_of_write_outputs:
   267                           	callstack 0
   268                           
   269 ;; *************** function _truth_table *****************
   270 ;; Defined at:
   271 ;;		line 245 in file "Comp_4bit.c"
   272 ;; Parameters:    Size  Location     Type
   273 ;;		None
   274 ;; Auto vars:     Size  Location     Type
   275 ;;		None
   276 ;; Return value:  Size  Location     Type
   277 ;;                  1    wreg      void 
   278 ;; Registers used:
   279 ;;		wreg, status,2, status,0
   280 ;; Tracked objects:
   281 ;;		On entry : 0/0
   282 ;;		On exit  : 0/0
   283 ;;		Unchanged: 0/0
   284 ;; Data sizes:     COMRAM   BANK0   BANK1   BANK2   BANK3   BANK4   BANK5
   285 ;;      Params:         0       0       0       0       0       0       0
   286 ;;      Locals:         0       0       0       0       0       0       0
   287 ;;      Temps:          0       0       0       0       0       0       0
   288 ;;      Totals:         0       0       0       0       0       0       0
   289 ;;Total ram usage:        0 bytes
   290 ;; Hardware stack levels used: 1
   291 ;; This function calls:
   292 ;;		Nothing
   293 ;; This function is called by:
   294 ;;		_main
   295 ;; This function uses a non-reentrant model
   296 ;;
   297                           
   298                           	psect	text2
   299  007F9C                     __ptext2:
   300                           	callstack 0
   301  007F9C                     _truth_table:
   302                           	callstack 30
   303  007F9C                     
   304                           ;Comp_4bit.c: 248:     if (Var_A > Var_B)
   305  007F9C  5007               	movf	_Var_A^0,w,c
   306  007F9E  5C06               	subwf	_Var_B^0,w,c
   307  007FA0  B0D8               	btfsc	status,0,c
   308  007FA2  EFD5  F03F         	goto	u11
   309  007FA6  EFD7  F03F         	goto	u10
   310  007FAA                     u11:
   311  007FAA  EFDF  F03F         	goto	l777
   312  007FAE                     u10:
   313  007FAE                     
   314                           ;Comp_4bit.c: 249:     {;Comp_4bit.c: 250:         Var_GT = 0b00000001;
   315  007FAE  0E01               	movlw	1
   316  007FB0  6E0D               	movwf	_Var_GT^0,c
   317                           
   318                           ;Comp_4bit.c: 251:         Var_EQ = 0b00000000;
   319  007FB2  0E00               	movlw	0
   320  007FB4  6E0C               	movwf	_Var_EQ^0,c
   321                           
   322                           ;Comp_4bit.c: 252:         Var_LT = 0b00000001;
   323  007FB6  0E01               	movlw	1
   324  007FB8  6E0B               	movwf	_Var_LT^0,c
   325                           
   326                           ;Comp_4bit.c: 253:     }
   327  007FBA  EFFF  F03F         	goto	l76
   328  007FBE                     l777:
   329  007FBE  5006               	movf	_Var_B^0,w,c
   330  007FC0  5C07               	subwf	_Var_A^0,w,c
   331  007FC2  B0D8               	btfsc	status,0,c
   332  007FC4  EFE6  F03F         	goto	u21
   333  007FC8  EFE8  F03F         	goto	u20
   334  007FCC                     u21:
   335  007FCC  EFF0  F03F         	goto	l781
   336  007FD0                     u20:
   337  007FD0                     
   338                           ;Comp_4bit.c: 255:     {;Comp_4bit.c: 256:         Var_GT = 0b00000000;
   339  007FD0  0E00               	movlw	0
   340  007FD2  6E0D               	movwf	_Var_GT^0,c
   341                           
   342                           ;Comp_4bit.c: 257:         Var_EQ = 0b00000000;
   343  007FD4  0E00               	movlw	0
   344  007FD6  6E0C               	movwf	_Var_EQ^0,c
   345                           
   346                           ;Comp_4bit.c: 258:         Var_LT = 0b00000001;
   347  007FD8  0E01               	movlw	1
   348  007FDA  6E0B               	movwf	_Var_LT^0,c
   349                           
   350                           ;Comp_4bit.c: 259:     }
   351  007FDC  EFFF  F03F         	goto	l76
   352  007FE0                     l781:
   353  007FE0  5006               	movf	_Var_B^0,w,c
   354  007FE2  1807               	xorwf	_Var_A^0,w,c
   355  007FE4  A4D8               	btfss	status,2,c
   356  007FE6  EFF7  F03F         	goto	u31
   357  007FEA  EFF9  F03F         	goto	u30
   358  007FEE                     u31:
   359  007FEE  EFFF  F03F         	goto	l76
   360  007FF2                     u30:
   361  007FF2                     
   362                           ;Comp_4bit.c: 261:     {;Comp_4bit.c: 262:         Var_GT = Var_Gi;
   363  007FF2  C005  F00D         	movff	_Var_Gi,_Var_GT
   364                           
   365                           ;Comp_4bit.c: 263:         Var_EQ = Var_Ei;
   366  007FF6  C004  F00C         	movff	_Var_Ei,_Var_EQ
   367                           
   368                           ;Comp_4bit.c: 264:         Var_LT = Var_Li;
   369  007FFA  C003  F00B         	movff	_Var_Li,_Var_LT
   370  007FFE                     l76:
   371  007FFE  0012               	return		;funcret
   372  008000                     __end_of_truth_table:
   373                           	callstack 0
   374                           
   375 ;; *************** function _read_inputs *****************
   376 ;; Defined at:
   377 ;;		line 224 in file "Comp_4bit.c"
   378 ;; Parameters:    Size  Location     Type
   379 ;;		None
   380 ;; Auto vars:     Size  Location     Type
   381 ;;		None
   382 ;; Return value:  Size  Location     Type
   383 ;;                  1    wreg      void 
   384 ;; Registers used:
   385 ;;		wreg, status,2, status,0
   386 ;; Tracked objects:
   387 ;;		On entry : 0/0
   388 ;;		On exit  : 0/0
   389 ;;		Unchanged: 0/0
   390 ;; Data sizes:     COMRAM   BANK0   BANK1   BANK2   BANK3   BANK4   BANK5
   391 ;;      Params:         0       0       0       0       0       0       0
   392 ;;      Locals:         0       0       0       0       0       0       0
   393 ;;      Temps:          0       0       0       0       0       0       0
   394 ;;      Totals:         0       0       0       0       0       0       0
   395 ;;Total ram usage:        0 bytes
   396 ;; Hardware stack levels used: 1
   397 ;; This function calls:
   398 ;;		Nothing
   399 ;; This function is called by:
   400 ;;		_main
   401 ;; This function uses a non-reentrant model
   402 ;;
   403                           
   404                           	psect	text3
   405  007F60                     __ptext3:
   406                           	callstack 0
   407  007F60                     _read_inputs:
   408                           	callstack 30
   409  007F60  5081               	movf	129,w,c	;volatile
   410  007F62  0B0F               	andlw	15
   411  007F64  6E02               	movwf	_var_buf^0,c
   412  007F66  C002  F006         	movff	_var_buf,_Var_B
   413  007F6A  5080               	movf	128,w,c	;volatile
   414  007F6C  0B0F               	andlw	15
   415  007F6E  6E07               	movwf	_Var_A^0,c
   416  007F70  5082               	movf	130,w,c	;volatile
   417  007F72  0B07               	andlw	7
   418  007F74  6E02               	movwf	_var_buf^0,c
   419  007F76  5002               	movf	_var_buf^0,w,c
   420  007F78  0B01               	andlw	1
   421  007F7A  6E01               	movwf	_var_buf2^0,c
   422  007F7C  C001  F003         	movff	_var_buf2,_Var_Li
   423  007F80  5002               	movf	_var_buf^0,w,c
   424  007F82  0B02               	andlw	2
   425  007F84  6E01               	movwf	_var_buf2^0,c
   426  007F86  90D8               	bcf	status,0,c
   427  007F88  3001               	rrcf	_var_buf2^0,w,c
   428  007F8A  6E04               	movwf	_Var_Ei^0,c
   429  007F8C  5002               	movf	_var_buf^0,w,c
   430  007F8E  0B04               	andlw	4
   431  007F90  6E01               	movwf	_var_buf2^0,c
   432  007F92  4001               	rrncf	_var_buf2^0,w,c
   433  007F94  42E8               	rrncf	wreg,f,c
   434  007F96  0B3F               	andlw	63
   435  007F98  6E05               	movwf	_Var_Gi^0,c
   436  007F9A  0012               	return		;funcret
   437  007F9C                     __end_of_read_inputs:
   438                           	callstack 0
   439                           
   440 ;; *************** function _init_system *****************
   441 ;; Defined at:
   442 ;;		line 75 in file "Comp_4bit.c"
   443 ;; Parameters:    Size  Location     Type
   444 ;;		None
   445 ;; Auto vars:     Size  Location     Type
   446 ;;		None
   447 ;; Return value:  Size  Location     Type
   448 ;;                  1    wreg      void 
   449 ;; Registers used:
   450 ;;		wreg, status,2
   451 ;; Tracked objects:
   452 ;;		On entry : 0/0
   453 ;;		On exit  : 0/0
   454 ;;		Unchanged: 0/0
   455 ;; Data sizes:     COMRAM   BANK0   BANK1   BANK2   BANK3   BANK4   BANK5
   456 ;;      Params:         0       0       0       0       0       0       0
   457 ;;      Locals:         0       0       0       0       0       0       0
   458 ;;      Temps:          0       0       0       0       0       0       0
   459 ;;      Totals:         0       0       0       0       0       0       0
   460 ;;Total ram usage:        0 bytes
   461 ;; Hardware stack levels used: 1
   462 ;; This function calls:
   463 ;;		Nothing
   464 ;; This function is called by:
   465 ;;		_main
   466 ;; This function uses a non-reentrant model
   467 ;;
   468                           
   469                           	psect	text4
   470  007F24                     __ptext4:
   471                           	callstack 0
   472  007F24                     _init_system:
   473                           	callstack 30
   474  007F24  0E00               	movlw	0
   475  007F26  6E80               	movwf	128,c	;volatile
   476  007F28  0E00               	movlw	0
   477  007F2A  6E89               	movwf	137,c	;volatile
   478  007F2C  0E0F               	movlw	15
   479  007F2E  6EC1               	movwf	193,c	;volatile
   480  007F30  6892               	setf	146,c	;volatile
   481  007F32  0E00               	movlw	0
   482  007F34  6E80               	movwf	128,c	;volatile
   483  007F36  0E00               	movlw	0
   484  007F38  6E8A               	movwf	138,c	;volatile
   485  007F3A  6893               	setf	147,c	;volatile
   486  007F3C  0E00               	movlw	0
   487  007F3E  6E81               	movwf	129,c	;volatile
   488  007F40  0E00               	movlw	0
   489  007F42  6E8A               	movwf	138,c	;volatile
   490  007F44  6893               	setf	147,c	;volatile
   491  007F46  0E00               	movlw	0
   492  007F48  6E82               	movwf	130,c	;volatile
   493  007F4A  0E00               	movlw	0
   494  007F4C  6E8A               	movwf	138,c	;volatile
   495  007F4E  0E1F               	movlw	31
   496  007F50  6E93               	movwf	147,c	;volatile
   497  007F52  0E00               	movlw	0
   498  007F54  6E83               	movwf	131,c	;volatile
   499  007F56  0E00               	movlw	0
   500  007F58  6E8A               	movwf	138,c	;volatile
   501  007F5A  6893               	setf	147,c	;volatile
   502  007F5C  9EF2               	bcf	4082,7,c	;volatile
   503  007F5E  0012               	return		;funcret
   504  007F60                     __end_of_init_system:
   505                           	callstack 0
   506  0000                     
   507                           	psect	rparam
   508  0000                     
   509                           	psect	idloc
   510                           
   511                           ;Config register IDLOC0 @ 0x200000
   512                           ;	unspecified, using default values
   513  200000                     	org	2097152
   514  200000  FF                 	db	255
   515                           
   516                           ;Config register IDLOC1 @ 0x200001
   517                           ;	unspecified, using default values
   518  200001                     	org	2097153
   519  200001  FF                 	db	255
   520                           
   521                           ;Config register IDLOC2 @ 0x200002
   522                           ;	unspecified, using default values
   523  200002                     	org	2097154
   524  200002  FF                 	db	255
   525                           
   526                           ;Config register IDLOC3 @ 0x200003
   527                           ;	unspecified, using default values
   528  200003                     	org	2097155
   529  200003  FF                 	db	255
   530                           
   531                           ;Config register IDLOC4 @ 0x200004
   532                           ;	unspecified, using default values
   533  200004                     	org	2097156
   534  200004  FF                 	db	255
   535                           
   536                           ;Config register IDLOC5 @ 0x200005
   537                           ;	unspecified, using default values
   538  200005                     	org	2097157
   539  200005  FF                 	db	255
   540                           
   541                           ;Config register IDLOC6 @ 0x200006
   542                           ;	unspecified, using default values
   543  200006                     	org	2097158
   544  200006  FF                 	db	255
   545                           
   546                           ;Config register IDLOC7 @ 0x200007
   547                           ;	unspecified, using default values
   548  200007                     	org	2097159
   549  200007  FF                 	db	255
   550                           
   551                           	psect	config
   552                           
   553                           ; Padding undefined space
   554  300000                     	org	3145728
   555  300000  FF                 	db	255
   556                           
   557                           ;Config register CONFIG1H @ 0x300001
   558                           ;	Oscillator Selection bits
   559                           ;	OSC = XT, XT oscillator
   560                           ;	Fail-Safe Clock Monitor Enable bit
   561                           ;	FCMEN = OFF, Fail-Safe Clock Monitor disabled
   562                           ;	Internal/External Oscillator Switchover bit
   563                           ;	IESO = OFF, Oscillator Switchover mode disabled
   564  300001                     	org	3145729
   565  300001  01                 	db	1
   566                           
   567                           ;Config register CONFIG2L @ 0x300002
   568                           ;	Power-up Timer Enable bit
   569                           ;	PWRT = ON, PWRT enabled
   570                           ;	Brown-out Reset Enable bits
   571                           ;	BOREN = SBORDIS, Brown-out Reset enabled in hardware only (SBOREN is disabled)
   572                           ;	Brown Out Reset Voltage bits
   573                           ;	BORV = 3, Minimum setting
   574  300002                     	org	3145730
   575  300002  1E                 	db	30
   576                           
   577                           ;Config register CONFIG2H @ 0x300003
   578                           ;	Watchdog Timer Enable bit
   579                           ;	WDT = OFF, WDT disabled (control is placed on the SWDTEN bit)
   580                           ;	Watchdog Timer Postscale Select bits
   581                           ;	WDTPS = 32768, 1:32768
   582  300003                     	org	3145731
   583  300003  1E                 	db	30
   584                           
   585                           ; Padding undefined space
   586  300004                     	org	3145732
   587  300004  FF                 	db	255
   588                           
   589                           ;Config register CONFIG3H @ 0x300005
   590                           ;	CCP2 MUX bit
   591                           ;	CCP2MX = PORTC, CCP2 input/output is multiplexed with RC1
   592                           ;	PORTB A/D Enable bit
   593                           ;	PBADEN = OFF, PORTB<4:0> pins are configured as digital I/O on Reset
   594                           ;	Low-Power Timer1 Oscillator Enable bit
   595                           ;	LPT1OSC = OFF, Timer1 configured for higher power operation
   596                           ;	MCLR Pin Enable bit
   597                           ;	MCLRE = ON, MCLR pin enabled; RE3 input pin disabled
   598  300005                     	org	3145733
   599  300005  81                 	db	129
   600                           
   601                           ;Config register CONFIG4L @ 0x300006
   602                           ;	Stack Full/Underflow Reset Enable bit
   603                           ;	STVREN = ON, Stack full/underflow will cause Reset
   604                           ;	Single-Supply ICSP Enable bit
   605                           ;	LVP = OFF, Single-Supply ICSP disabled
   606                           ;	Extended Instruction Set Enable bit
   607                           ;	XINST = OFF, Instruction set extension and Indexed Addressing mode disabled (Legacy mo
      +                          de)
   608                           ;	Background Debugger Enable bit
   609                           ;	DEBUG = 0x1, unprogrammed default
   610  300006                     	org	3145734
   611  300006  81                 	db	129
   612                           
   613                           ; Padding undefined space
   614  300007                     	org	3145735
   615  300007  FF                 	db	255
   616                           
   617                           ;Config register CONFIG5L @ 0x300008
   618                           ;	Code Protection bit
   619                           ;	CP0 = OFF, Block 0 (000800-001FFFh) not code-protected
   620                           ;	Code Protection bit
   621                           ;	CP1 = OFF, Block 1 (002000-003FFFh) not code-protected
   622                           ;	Code Protection bit
   623                           ;	CP2 = OFF, Block 2 (004000-005FFFh) not code-protected
   624                           ;	Code Protection bit
   625                           ;	CP3 = OFF, Block 3 (006000-007FFFh) not code-protected
   626  300008                     	org	3145736
   627  300008  0F                 	db	15
   628                           
   629                           ;Config register CONFIG5H @ 0x300009
   630                           ;	Boot Block Code Protection bit
   631                           ;	CPB = OFF, Boot block (000000-0007FFh) not code-protected
   632                           ;	Data EEPROM Code Protection bit
   633                           ;	CPD = OFF, Data EEPROM not code-protected
   634  300009                     	org	3145737
   635  300009  C0                 	db	192
   636                           
   637                           ;Config register CONFIG6L @ 0x30000A
   638                           ;	Write Protection bit
   639                           ;	WRT0 = OFF, Block 0 (000800-001FFFh) not write-protected
   640                           ;	Write Protection bit
   641                           ;	WRT1 = OFF, Block 1 (002000-003FFFh) not write-protected
   642                           ;	Write Protection bit
   643                           ;	WRT2 = OFF, Block 2 (004000-005FFFh) not write-protected
   644                           ;	Write Protection bit
   645                           ;	WRT3 = OFF, Block 3 (006000-007FFFh) not write-protected
   646  30000A                     	org	3145738
   647  30000A  0F                 	db	15
   648                           
   649                           ;Config register CONFIG6H @ 0x30000B
   650                           ;	Configuration Register Write Protection bit
   651                           ;	WRTC = OFF, Configuration registers (300000-3000FFh) not write-protected
   652                           ;	Boot Block Write Protection bit
   653                           ;	WRTB = OFF, Boot block (000000-0007FFh) not write-protected
   654                           ;	Data EEPROM Write Protection bit
   655                           ;	WRTD = OFF, Data EEPROM not write-protected
   656  30000B                     	org	3145739
   657  30000B  E0                 	db	224
   658                           
   659                           ;Config register CONFIG7L @ 0x30000C
   660                           ;	Table Read Protection bit
   661                           ;	EBTR0 = OFF, Block 0 (000800-001FFFh) not protected from table reads executed in other
      +                           blocks
   662                           ;	Table Read Protection bit
   663                           ;	EBTR1 = OFF, Block 1 (002000-003FFFh) not protected from table reads executed in other
      +                           blocks
   664                           ;	Table Read Protection bit
   665                           ;	EBTR2 = OFF, Block 2 (004000-005FFFh) not protected from table reads executed in other
      +                           blocks
   666                           ;	Table Read Protection bit
   667                           ;	EBTR3 = OFF, Block 3 (006000-007FFFh) not protected from table reads executed in other
      +                           blocks
   668  30000C                     	org	3145740
   669  30000C  0F                 	db	15
   670                           
   671                           ;Config register CONFIG7H @ 0x30000D
   672                           ;	Boot Block Table Read Protection bit
   673                           ;	EBTRB = OFF, Boot block (000000-0007FFh) not protected from table reads executed in ot
      +                          her blocks
   674  30000D                     	org	3145741
   675  30000D  40                 	db	64
   676                           tosu	equ	0xFFF
   677                           tosh	equ	0xFFE
   678                           tosl	equ	0xFFD
   679                           stkptr	equ	0xFFC
   680                           pclatu	equ	0xFFB
   681                           pclath	equ	0xFFA
   682                           pcl	equ	0xFF9
   683                           tblptru	equ	0xFF8
   684                           tblptrh	equ	0xFF7
   685                           tblptrl	equ	0xFF6
   686                           tablat	equ	0xFF5
   687                           prodh	equ	0xFF4
   688                           prodl	equ	0xFF3
   689                           indf0	equ	0xFEF
   690                           postinc0	equ	0xFEE
   691                           postdec0	equ	0xFED
   692                           preinc0	equ	0xFEC
   693                           plusw0	equ	0xFEB
   694                           fsr0h	equ	0xFEA
   695                           fsr0l	equ	0xFE9
   696                           wreg	equ	0xFE8
   697                           indf1	equ	0xFE7
   698                           postinc1	equ	0xFE6
   699                           postdec1	equ	0xFE5
   700                           preinc1	equ	0xFE4
   701                           plusw1	equ	0xFE3
   702                           fsr1h	equ	0xFE2
   703                           fsr1l	equ	0xFE1
   704                           bsr	equ	0xFE0
   705                           indf2	equ	0xFDF
   706                           postinc2	equ	0xFDE
   707                           postdec2	equ	0xFDD
   708                           preinc2	equ	0xFDC
   709                           plusw2	equ	0xFDB
   710                           fsr2h	equ	0xFDA
   711                           fsr2l	equ	0xFD9
   712                           status	equ	0xFD8

Data Sizes:
    Strings     0
    Constant    0
    Data        0
    BSS         6
    Persistent  7
    Stack       0

Auto Spaces:
    Space          Size  Autos    Used
    COMRAM          127      0      13
    BANK0           128      0       0
    BANK1           256      0       0
    BANK2           256      0       0
    BANK3           256      0       0
    BANK4           256      0       0
    BANK5           256      0       0

Pointer List with Targets:

    None.

Critical Paths under _main in COMRAM

    None.

Critical Paths under _main in BANK0

    None.

Critical Paths under _main in BANK1

    None.

Critical Paths under _main in BANK2

    None.

Critical Paths under _main in BANK3

    None.

Critical Paths under _main in BANK4

    None.

Critical Paths under _main in BANK5

    None.

Call Graph Tables:

 ---------------------------------------------------------------------------------
 (Depth) Function   	        Calls       Base Space   Used Autos Params    Refs
 ---------------------------------------------------------------------------------
 (0) _main                                                 0     0      0       0
                        _init_system
                        _read_inputs
                        _truth_table
                      _write_outputs
 ---------------------------------------------------------------------------------
 (1) _write_outputs                                        0     0      0       0
 ---------------------------------------------------------------------------------
 (1) _truth_table                                          0     0      0       0
 ---------------------------------------------------------------------------------
 (1) _read_inputs                                          0     0      0       0
 ---------------------------------------------------------------------------------
 (1) _init_system                                          0     0      0       0
 ---------------------------------------------------------------------------------
 Estimated maximum stack depth 1
 ---------------------------------------------------------------------------------

 Call Graph Graphs:

 _main (ROOT)
   _init_system
   _read_inputs
   _truth_table
   _write_outputs

 Address spaces:
Name               Size   Autos  Total    Cost      Usage
BIGRAM             5FF      0       0      22        0.0%
EEDATA             100      0       0       0        0.0%
BITBANK5           100      0       0      14        0.0%
BANK5              100      0       0      15        0.0%
BITBANK4           100      0       0      12        0.0%
BANK4              100      0       0      13        0.0%
BITBANK3           100      0       0      10        0.0%
BANK3              100      0       0      11        0.0%
BITBANK2           100      0       0       8        0.0%
BANK2              100      0       0       9        0.0%
BITBANK1           100      0       0       6        0.0%
BANK1              100      0       0       7        0.0%
BITBANK0            80      0       0       4        0.0%
BANK0               80      0       0       5        0.0%
BITCOMRAM           7F      0       0       0        0.0%
COMRAM              7F      0       D       1       10.2%
BITBIGSFRhhl        30      0       0      17        0.0%
BITBIGSFRhlh        2D      0       0      18        0.0%
BITBIGSFRhhh         D      0       0      16        0.0%
BITBIGSFRhll         7      0       0      19        0.0%
BITBIGSFRl           5      0       0      20        0.0%
BIGSFR               0      0       0     200        0.0%
BITSFR               0      0       0     200        0.0%
SFR                  0      0       0     200        0.0%
STACK                0      0       0       2        0.0%
NULL                 0      0       0       0        0.0%
ABS                  0      0       D      21        0.0%
DATA                 0      0       D       3        0.0%
CODE                 0      0       0       0        0.0%


Microchip Technology PIC18 Macro Assembler V2.35 build 20211206165544 
Symbol Table                                                                                   Tue May 24 12:38:21 2022

                     l65 7F5E                       l68 7F9A                       l76 7FFE  
                     l79 7F22                       u10 7FAE                       u11 7FAA  
                     u20 7FD0                       u21 7FCC                       u30 7FF2  
                     u31 7FEE                      l761 7F44                      l763 7F5A  
                    l755 7F24                      l771 7F7C                      l765 7F5C  
                    l757 7F30                      l781 7FE0                      l773 7F9C  
                    l759 7F3A                      l767 7F60                      l783 7FF2  
                    l775 7FAE                      l791 7EE4                      l769 7F66  
                    l777 7FBE                      l785 7EF8                      l793 7EE8  
                    l779 7FD0                      l787 7F1E                      l795 7EEC  
                    l789 7EE0                      _GIE 007F97                      wreg 000FE8  
                   _LATA 000F89                     _LATB 000F8A                     _main 7EE0  
                   start 0000             ___param_bank 000000                    ?_main 0000  
                  _PORTA 000F80                    _PORTB 000F81                    _PORTC 000F82  
                  _PORTD 000F83                    _TRISA 000F92                    _TRISB 000F93  
                  _Var_A 0007                    _Var_B 0006              _truth_table 7F9C  
           ?_init_system 0000             ?_read_inputs 0000                    status 000FD8  
        __initialization 7ECE             __end_of_main 7EF8                   ??_main 0000  
          __activetblptr 000000                   _ADCON1 000FC1                   _Var_EQ 000C  
                 _Var_GT 000D                   _Var_LT 000B                   _Var_Ei 0004  
                 _Var_Gi 0005                   _Var_Li 0003                   isa$std 000001  
             __accesstop 0080  __end_of__initialization 7EDA            ___rparam_used 000001  
         __pcstackCOMRAM 0000               __pnvCOMRAM 0001             ?_truth_table 0000  
                __Hparam 0000                  __Lparam 0000            _write_outputs 7EF8  
                __pcinit 7ECE                  __ramtop 0600                  __ptext0 7EE0  
                __ptext1 7EF8                  __ptext2 7F9C                  __ptext3 7F60  
                __ptext4 7F24                  _var_buf 0002     end_of_initialization 7EDA  
         ?_write_outputs 0000      start_initialization 7ECE          ??_write_outputs 0000  
            __pbssCOMRAM 0008            ??_init_system 0000            ??_read_inputs 0000  
    __end_of_init_system 7F60      __end_of_read_inputs 7F9C                 __Hrparam 0000  
               __Lrparam 0000              _init_system 7F24              _read_inputs 7F60  
               _var_buf2 0001                 _var_buf3 000A                 _var_buf4 0009  
               _var_buf5 0008                 isa$xinst 000000            ??_truth_table 0000  
  __end_of_write_outputs 7F24      __end_of_truth_table 8000  
